Using pre-set license
Built from '2021.3/staging' branch; Version is '2021.3.3f1 (af2e63e8f9bd) revision 11480675'; Using compiler version '192829333'; Build Type 'Release'
OS: 'Windows 10  (10.0.19044) 64bit Core' Language: 'en' Physical Memory: 16252 MB
BatchMode: 1, IsHumanControllingUs: 0, StartBugReporterOnCrash: 0, Is64bit: 1, IsPro: 1

COMMAND LINE ARGUMENTS:
C:\Program Files (x86)\2021.3.3f1\Editor\Unity.exe
-adb2
-batchMode
-noUpm
-name
AssetImportWorker1
-projectPath
C:/Users/Seaki/Desktop/Git/Schoolwork/RobotRampage
-logFile
Logs/AssetImportWorker1.log
-srvPort
50827
Successfully changed project path to: C:/Users/Seaki/Desktop/Git/Schoolwork/RobotRampage
C:/Users/Seaki/Desktop/Git/Schoolwork/RobotRampage
[UnityMemory] Configuration Parameters - Can be set up in boot.config
    "memorysetup-bucket-allocator-granularity=16"
    "memorysetup-bucket-allocator-bucket-count=8"
    "memorysetup-bucket-allocator-block-size=33554432"
    "memorysetup-bucket-allocator-block-count=8"
    "memorysetup-main-allocator-block-size=16777216"
    "memorysetup-thread-allocator-block-size=16777216"
    "memorysetup-gfx-main-allocator-block-size=16777216"
    "memorysetup-gfx-thread-allocator-block-size=16777216"
    "memorysetup-cache-allocator-block-size=4194304"
    "memorysetup-typetree-allocator-block-size=2097152"
    "memorysetup-profiler-bucket-allocator-granularity=16"
    "memorysetup-profiler-bucket-allocator-bucket-count=8"
    "memorysetup-profiler-bucket-allocator-block-size=33554432"
    "memorysetup-profiler-bucket-allocator-block-count=8"
    "memorysetup-profiler-allocator-block-size=16777216"
    "memorysetup-profiler-editor-allocator-block-size=1048576"
    "memorysetup-temp-allocator-size-main=16777216"
    "memorysetup-job-temp-allocator-block-size=2097152"
    "memorysetup-job-temp-allocator-block-size-background=1048576"
    "memorysetup-job-temp-allocator-reduction-small-platforms=262144"
    "memorysetup-temp-allocator-size-background-worker=32768"
    "memorysetup-temp-allocator-size-job-worker=262144"
    "memorysetup-temp-allocator-size-preload-manager=33554432"
    "memorysetup-temp-allocator-size-nav-mesh-worker=65536"
    "memorysetup-temp-allocator-size-audio-worker=65536"
    "memorysetup-temp-allocator-size-cloud-worker=32768"
    "memorysetup-temp-allocator-size-gi-baking-worker=262144"
    "memorysetup-temp-allocator-size-gfx=262144"
Refreshing native plugins compatible for Editor in 83.75 ms, found 3 plugins.
Preloading 0 native plugins for Editor in 0.00 ms.
Initialize engine version: 2021.3.3f1 (af2e63e8f9bd)
[Subsystems] Discovering subsystems at path C:/Program Files (x86)/2021.3.3f1/Editor/Data/Resources/UnitySubsystems
[Subsystems] Discovering subsystems at path C:/Users/Seaki/Desktop/Git/Schoolwork/RobotRampage/Assets
GfxDevice: creating device client; threaded=0; jobified=0
Direct3D:
    Version:  Direct3D 11.0 [level 11.1]
    Renderer: NVIDIA GeForce RTX 2070 Super with Max-Q Design (ID=0x1e91)
    Vendor:   NVIDIA
    VRAM:     8012 MB
    Driver:   30.0.15.1165
Initialize mono
Mono path[0] = 'C:/Program Files (x86)/2021.3.3f1/Editor/Data/Managed'
Mono path[1] = 'C:/Program Files (x86)/2021.3.3f1/Editor/Data/MonoBleedingEdge/lib/mono/unityjit-win32'
Mono config path = 'C:/Program Files (x86)/2021.3.3f1/Editor/Data/MonoBleedingEdge/etc'
Using monoOptions --debugger-agent=transport=dt_socket,embedding=1,server=y,suspend=n,address=127.0.0.1:56468
Begin MonoManager ReloadAssembly
Registering precompiled unity dll's ...
Register platform support module: C:/Program Files (x86)/2021.3.3f1/Editor/Data/PlaybackEngines/WindowsStandaloneSupport/UnityEditor.WindowsStandalone.Extensions.dll
Register platform support module: C:/Program Files (x86)/2021.3.3f1/Editor/Data/PlaybackEngines/MetroSupport/UnityEditor.UWP.Extensions.dll
Registered in 0.007995 seconds.
Native extension for UWP target not found
Native extension for WindowsStandalone target not found
Refreshing native plugins compatible for Editor in 99.98 ms, found 3 plugins.
Preloading 0 native plugins for Editor in 0.00 ms.
Mono: successfully reloaded assembly
- Completed reload, in  1.038 seconds
Domain Reload Profiling:
	ReloadAssembly (1045ms)
		BeginReloadAssembly (123ms)
			ExecutionOrderSort (0ms)
			DisableScriptedObjects (0ms)
			BackupInstance (0ms)
			ReleaseScriptingObjects (0ms)
			CreateAndSetChildDomain (1ms)
		EndReloadAssembly (746ms)
			LoadAssemblies (114ms)
			RebuildTransferFunctionScriptingTraits (0ms)
			SetupTypeCache (260ms)
			ReleaseScriptCaches (0ms)
			RebuildScriptCaches (41ms)
			SetupLoadedEditorAssemblies (352ms)
				LogAssemblyErrors (0ms)
				InitializePlatformSupportModulesInManaged (13ms)
				SetLoadedEditorAssemblies (0ms)
				RefreshPlugins (125ms)
				BeforeProcessingInitializeOnLoad (2ms)
				ProcessInitializeOnLoadAttributes (161ms)
				ProcessInitializeOnLoadMethodAttributes (51ms)
				AfterProcessingInitializeOnLoad (0ms)
				EditorAssembliesLoaded (0ms)
			ExecutionOrderSort2 (0ms)
			AwakeInstancesAfterBackupRestoration (0ms)
Platform modules already initialized, skipping
Registering precompiled user dll's ...
Registered in 0.005841 seconds.
Begin MonoManager ReloadAssembly
Symbol file LoadedFromMemory doesn't match image C:\Users\Seaki\Desktop\Git\Schoolwork\RobotRampage\Library\PackageCache\com.unity.visualscripting@1.7.6\Editor\VisualScripting.Core\Dependencies\YamlDotNet\Unity.VisualScripting.YamlDotNet.dll
Symbol file LoadedFromMemory doesn't match image C:\Users\Seaki\Desktop\Git\Schoolwork\RobotRampage\Library\PackageCache\com.unity.visualscripting@1.7.6\Editor\VisualScripting.Core\Dependencies\DotNetZip\Unity.VisualScripting.IonicZip.dll
Native extension for UWP target not found
Native extension for WindowsStandalone target not found
Refreshing native plugins compatible for Editor in 0.54 ms, found 3 plugins.
Preloading 0 native plugins for Editor in 0.00 ms.
Mono: successfully reloaded assembly
- Completed reload, in  1.173 seconds
Domain Reload Profiling:
	ReloadAssembly (1197ms)
		BeginReloadAssembly (152ms)
			ExecutionOrderSort (0ms)
			DisableScriptedObjects (6ms)
			BackupInstance (0ms)
			ReleaseScriptingObjects (0ms)
			CreateAndSetChildDomain (19ms)
		EndReloadAssembly (895ms)
			LoadAssemblies (115ms)
			RebuildTransferFunctionScriptingTraits (0ms)
			SetupTypeCache (258ms)
			ReleaseScriptCaches (1ms)
			RebuildScriptCaches (55ms)
			SetupLoadedEditorAssemblies (424ms)
				LogAssemblyErrors (0ms)
				InitializePlatformSupportModulesInManaged (15ms)
				SetLoadedEditorAssemblies (1ms)
				RefreshPlugins (1ms)
				BeforeProcessingInitializeOnLoad (99ms)
				ProcessInitializeOnLoadAttributes (259ms)
				ProcessInitializeOnLoadMethodAttributes (38ms)
				AfterProcessingInitializeOnLoad (11ms)
				EditorAssembliesLoaded (0ms)
			ExecutionOrderSort2 (0ms)
			AwakeInstancesAfterBackupRestoration (8ms)
Platform modules already initialized, skipping
========================================================================
Worker process is ready to serve import requests
Launched and connected shader compiler UnityShaderCompiler.exe after 0.06 seconds
Refreshing native plugins compatible for Editor in 0.61 ms, found 3 plugins.
Preloading 0 native plugins for Editor in 0.00 ms.
Unloading 3239 Unused Serialized files (Serialized files now loaded: 0)
Unloading 23 unused Assets / (56.0 KB). Loaded Objects now: 3699.
Memory consumption went from 111.4 MB to 111.3 MB.
Total: 2.993900 ms (FindLiveObjects: 0.353000 ms CreateObjectMapping: 0.242800 ms MarkObjects: 2.326400 ms  DeleteObjects: 0.070100 ms)

AssetImportParameters requested are different than current active one (requested -> active):
  custom:video-decoder-ogg-theora: a1e56fd34408186e4bbccfd4996cb3dc -> 
  custom:container-muxer-webm: aa71ff27fc2769a1b78a27578f13a17b -> 
  custom:container-demuxer-webm: 4f35f7cbe854078d1ac9338744f61a02 -> 
  custom:video-encoder-webm-vp8: eb34c28f22e8b96e1ab97ce403110664 -> 
  custom:video-codec-MediaFoundation-h265: 746d11721c4dcdbdad8f713fa42b33f4 -> 
  custom:audio-encoder-webm-vorbis: bf7c407c2cedff20999df2af8eb42d56 -> 
  custom:framework-win-MediaFoundation: 216162199b28c13a410421893ffa2e32 -> 
  custom:container-demuxer-ogg: 62fdf1f143b41e24485cea50d1cbac27 -> 
  custom:video-decoder-webm-vp8: 9c59270c3fd7afecdb556c50c9e8de78 -> 
  custom:audio-decoder-ogg-vorbis: bf7c407c2cedff20999df2af8eb42d56 -> 
========================================================================
Received Import Request.
  Time since last request: 297599.033519 seconds.
  path: Assets/Ground.mat
  artifactKey: Guid(142e589b0db054510acb8c6dacc1fd2c) Importer(815301076,1909f56bfc062723c751e8b465ee728b)
Start importing Assets/Ground.mat using Guid(142e589b0db054510acb8c6dacc1fd2c) Importer(815301076,1909f56bfc062723c751e8b465ee728b)  -> (artifact id: 'fafd826e127b7c1af678e9fd21939d57') in 0.499682 seconds 
========================================================================
Received Import Request.
  Time since last request: 315.028358 seconds.
  path: Assets/Models/RobotRampage-Title.fbx
  artifactKey: Guid(6de6767cda1394fb3993f33e149d8938) Importer(815301076,1909f56bfc062723c751e8b465ee728b)
Start importing Assets/Models/RobotRampage-Title.fbx using Guid(6de6767cda1394fb3993f33e149d8938) Importer(815301076,1909f56bfc062723c751e8b465ee728b)  -> (artifact id: 'f4e6af64c02fe346ffd3b5dc269b23a0') in 0.411300 seconds 
========================================================================
Received Import Request.
  Time since last request: 0.000026 seconds.
  path: Assets/Models/RobotRampage_ParticleSmoke.blend
  artifactKey: Guid(8745635dbac3a4f9a8c53624d16a3b54) Importer(815301076,1909f56bfc062723c751e8b465ee728b)
Start importing Assets/Models/RobotRampage_ParticleSmoke.blend using Guid(8745635dbac3a4f9a8c53624d16a3b54) Importer(815301076,1909f56bfc062723c751e8b465ee728b)  -> (artifact id: 'ca6138ba33c1ea2e86fa69660ceffb7e') in 0.056636 seconds 
========================================================================
Received Import Request.
  Time since last request: 0.000033 seconds.
  path: Assets/Models/RobotRampage_Wall-Post.blend
  artifactKey: Guid(0cae319aeebd340d68d5eea8bae42aa9) Importer(815301076,1909f56bfc062723c751e8b465ee728b)
Start importing Assets/Models/RobotRampage_Wall-Post.blend using Guid(0cae319aeebd340d68d5eea8bae42aa9) Importer(815301076,1909f56bfc062723c751e8b465ee728b)  -> (artifact id: '9b4d67aea6ab09bd59a54dee06f04683') in 0.020711 seconds 
========================================================================
Received Import Request.
  Time since last request: 0.000030 seconds.
  path: Assets/Models/RobotRampage_Pickup_Health.blend
  artifactKey: Guid(6c43464943ca24aeda68fdd20b321b41) Importer(815301076,1909f56bfc062723c751e8b465ee728b)
Start importing Assets/Models/RobotRampage_Pickup_Health.blend using Guid(6c43464943ca24aeda68fdd20b321b41) Importer(815301076,1909f56bfc062723c751e8b465ee728b)  -> (artifact id: 'bc51f0caa73bef13c6dcfa29fbd1e680') in 0.077025 seconds 
========================================================================
Received Import Request.
  Time since last request: 0.000027 seconds.
  path: Assets/Models/RobotRampage_Bot_Texture.psd
  artifactKey: Guid(96065b00546b841529c975fbfb01640c) Importer(815301076,1909f56bfc062723c751e8b465ee728b)
Start importing Assets/Models/RobotRampage_Bot_Texture.psd using Guid(96065b00546b841529c975fbfb01640c) Importer(815301076,1909f56bfc062723c751e8b465ee728b)  -> (artifact id: 'b1566dd9fe2e5219e70918decff79756') in 0.025798 seconds 
========================================================================
Received Import Request.
  Time since last request: 0.000029 seconds.
  path: Assets/Models/RobotRampage_Shotgun.fbx
  artifactKey: Guid(6f08686d23bef304a93c7f4af1e8f17c) Importer(815301076,1909f56bfc062723c751e8b465ee728b)
Start importing Assets/Models/RobotRampage_Shotgun.fbx using Guid(6f08686d23bef304a93c7f4af1e8f17c) Importer(815301076,1909f56bfc062723c751e8b465ee728b)  -> (artifact id: '79147def3d1f6b579be883a5753768f0') in 0.117272 seconds 
========================================================================
Received Import Request.
  Time since last request: 0.000029 seconds.
  path: Assets/Models/RobotRampage_Bot_TextureBlue.png
  artifactKey: Guid(0ac8ed0d652494fd29b4c921e018c988) Importer(815301076,1909f56bfc062723c751e8b465ee728b)
Start importing Assets/Models/RobotRampage_Bot_TextureBlue.png using Guid(0ac8ed0d652494fd29b4c921e018c988) Importer(815301076,1909f56bfc062723c751e8b465ee728b)  -> (artifact id: '0c3cf10bb3afa42770af7cbd7ee22a49') in 0.015719 seconds 
========================================================================
Received Import Request.
  Time since last request: 0.000029 seconds.
  path: Assets/Models/RobotRampage_AssaultRifle.fbx
  artifactKey: Guid(a8dd7506f95e7d946a1030be85c479db) Importer(815301076,1909f56bfc062723c751e8b465ee728b)
Start importing Assets/Models/RobotRampage_AssaultRifle.fbx using Guid(a8dd7506f95e7d946a1030be85c479db) Importer(815301076,1909f56bfc062723c751e8b465ee728b)  -> (artifact id: '8e385688ad5a4fb88a9e7808909d26fb') in 0.105217 seconds 
========================================================================
Received Import Request.
  Time since last request: 0.000027 seconds.
  path: Assets/Models/RobotRampage_Bot_v1.fbx
  artifactKey: Guid(fb900ac847b684cda925ff9b43688031) Importer(815301076,1909f56bfc062723c751e8b465ee728b)
Start importing Assets/Models/RobotRampage_Bot_v1.fbx using Guid(fb900ac847b684cda925ff9b43688031) Importer(815301076,1909f56bfc062723c751e8b465ee728b)  -> (artifact id: '1972d367ed33c98c0365511a9f7294e2') in 0.088661 seconds 
========================================================================
Received Import Request.
  Time since last request: 0.000022 seconds.
  path: Assets/Models/RobotRampage_Projectile_v1.blend
  artifactKey: Guid(c90116297957c499a9ee51bf55e47dd5) Importer(815301076,1909f56bfc062723c751e8b465ee728b)
Start importing Assets/Models/RobotRampage_Projectile_v1.blend using Guid(c90116297957c499a9ee51bf55e47dd5) Importer(815301076,1909f56bfc062723c751e8b465ee728b)  -> (artifact id: '975a444dc4c7be602d7ba0af0c93f53a') in 0.019498 seconds 
========================================================================
Received Import Request.
  Time since last request: 0.000032 seconds.
  path: Assets/Models/RobotRampage_Wall.blend
  artifactKey: Guid(6955a90d383c1430686eabea7ea76478) Importer(815301076,1909f56bfc062723c751e8b465ee728b)
Start importing Assets/Models/RobotRampage_Wall.blend using Guid(6955a90d383c1430686eabea7ea76478) Importer(815301076,1909f56bfc062723c751e8b465ee728b)  -> (artifact id: '5a99753d085c7e9c23ec3c7dc8d578a5') in 0.021714 seconds 
========================================================================
Received Import Request.
  Time since last request: 0.000021 seconds.
  path: Assets/Models/RobotRampage_Pickup_Armor.blend
  artifactKey: Guid(5f27c30c422fc4cbc8056b935b45262d) Importer(815301076,1909f56bfc062723c751e8b465ee728b)
Start importing Assets/Models/RobotRampage_Pickup_Armor.blend using Guid(5f27c30c422fc4cbc8056b935b45262d) Importer(815301076,1909f56bfc062723c751e8b465ee728b)  -> (artifact id: '4648ac385793c8f2b12a033d0a0b9ec1') in 0.074075 seconds 
========================================================================
Received Import Request.
  Time since last request: 2.642084 seconds.
  path: Assets/Scenes/Battle/Lightmap-0_comp_light.exr
  artifactKey: Guid(0e9f22278ae0a488ab165b8f2aa67d71) Importer(815301076,1909f56bfc062723c751e8b465ee728b)
Start importing Assets/Scenes/Battle/Lightmap-0_comp_light.exr using Guid(0e9f22278ae0a488ab165b8f2aa67d71) Importer(815301076,1909f56bfc062723c751e8b465ee728b)  -> (artifact id: '2f9aea8d79ec2f682a54d36f2ecf6d82') in 0.023194 seconds 
========================================================================
Received Import Request.
  Time since last request: 0.000021 seconds.
  path: Assets/Scenes/Battle/ReflectionProbe-0.exr
  artifactKey: Guid(8843582a4102c47ed9c3b5d8cb45337d) Importer(815301076,1909f56bfc062723c751e8b465ee728b)
Start importing Assets/Scenes/Battle/ReflectionProbe-0.exr using Guid(8843582a4102c47ed9c3b5d8cb45337d) Importer(815301076,1909f56bfc062723c751e8b465ee728b)  -> (artifact id: 'd6b5c7622759c822c1b339c322dedfcf') in 0.027959 seconds 
